This file contains any messages produced by compilers while
running configure, to aid debugging if configure makes a mistake.

It was created by lab6 configure 0.1, which was
generated by GNU Autoconf 2.69.  Invocation command line was

  $ /home/harris/Documents/ece2620/Lab6/configure --enable-maintainer-mode

## --------- ##
## Platform. ##
## --------- ##

hostname = harris-VirtualBox
uname -m = x86_64
uname -r = 5.11.0-41-generic
uname -s = Linux
uname -v = #45~20.04.1-Ubuntu SMP Wed Nov 10 10:20:10 UTC 2021

/usr/bin/uname -p = x86_64
/bin/uname -X     = unknown

/bin/arch              = x86_64
/usr/bin/arch -k       = unknown
/usr/convex/getsysinfo = unknown
/usr/bin/hostinfo      = unknown
/bin/machine           = unknown
/usr/bin/oslevel       = unknown
/bin/universe          = unknown

PATH: /usr/local/sbin
PATH: /usr/local/bin
PATH: /usr/sbin
PATH: /usr/bin
PATH: /sbin
PATH: /bin
PATH: /usr/games
PATH: /usr/local/games
PATH: /snap/bin


## ----------- ##
## Core tests. ##
## ----------- ##

configure:2448: checking for a BSD-compatible install
configure:2516: result: /usr/bin/install -c
configure:2527: checking whether build environment is sane
configure:2582: result: yes
configure:2731: checking for a thread-safe mkdir -p
configure:2770: result: /usr/bin/mkdir -p
configure:2777: checking for gawk
configure:2807: result: no
configure:2777: checking for mawk
configure:2793: found /usr/bin/mawk
configure:2804: result: mawk
configure:2815: checking whether make sets $(MAKE)
configure:2837: result: yes
configure:2866: checking whether make supports nested variables
configure:2883: result: yes
configure:3021: checking whether make supports nested variables
configure:3038: result: yes
configure:3108: checking for g++
configure:3124: found /usr/bin/g++
configure:3135: result: g++
configure:3162: checking for C++ compiler version
configure:3171: g++ --version >&5
g++ (Ubuntu 9.3.0-17ubuntu1~20.04) 9.3.0
Copyright (C) 2019 Free Software Foundation, Inc.
This is free software; see the source for copying conditions.  There is NO
warranty; not even for MERCHANTABILITY or FITNESS FOR A PARTICULAR PURPOSE.

configure:3182: $? = 0
configure:3171: g++ -v >&5
Using built-in specs.
COLLECT_GCC=g++
COLLECT_LTO_WRAPPER=/usr/lib/gcc/x86_64-linux-gnu/9/lto-wrapper
OFFLOAD_TARGET_NAMES=nvptx-none:hsa
OFFLOAD_TARGET_DEFAULT=1
Target: x86_64-linux-gnu
Configured with: ../src/configure -v --with-pkgversion='Ubuntu 9.3.0-17ubuntu1~20.04' --with-bugurl=file:///usr/share/doc/gcc-9/README.Bugs --enable-languages=c,ada,c++,go,brig,d,fortran,objc,obj-c++,gm2 --prefix=/usr --with-gcc-major-version-only --program-suffix=-9 --program-prefix=x86_64-linux-gnu- --enable-shared --enable-linker-build-id --libexecdir=/usr/lib --without-included-gettext --enable-threads=posix --libdir=/usr/lib --enable-nls --enable-clocale=gnu --enable-libstdcxx-debug --enable-libstdcxx-time=yes --with-default-libstdcxx-abi=new --enable-gnu-unique-object --disable-vtable-verify --enable-plugin --enable-default-pie --with-system-zlib --with-target-system-zlib=auto --enable-objc-gc=auto --enable-multiarch --disable-werror --with-arch-32=i686 --with-abi=m64 --with-multilib-list=m32,m64,mx32 --enable-multilib --with-tune=generic --enable-offload-targets=nvptx-none=/build/gcc-9-HskZEa/gcc-9-9.3.0/debian/tmp-nvptx/usr,hsa --without-cuda-driver --enable-checking=release --build=x86_64-linux-gnu --host=x86_64-linux-gnu --target=x86_64-linux-gnu
Thread model: posix
gcc version 9.3.0 (Ubuntu 9.3.0-17ubuntu1~20.04) 
configure:3182: $? = 0
configure:3171: g++ -V >&5
g++: error: unrecognized command line option '-V'
g++: fatal error: no input files
compilation terminated.
configure:3182: $? = 1
configure:3171: g++ -qversion >&5
g++: error: unrecognized command line option '-qversion'; did you mean '--version'?
g++: fatal error: no input files
compilation terminated.
configure:3182: $? = 1
configure:3202: checking whether the C++ compiler works
configure:3224: g++    conftest.cpp  >&5
configure:3228: $? = 0
configure:3276: result: yes
configure:3279: checking for C++ compiler default output file name
configure:3281: result: a.out
configure:3287: checking for suffix of executables
configure:3294: g++ -o conftest    conftest.cpp  >&5
configure:3298: $? = 0
configure:3320: result: 
configure:3342: checking whether we are cross compiling
configure:3350: g++ -o conftest    conftest.cpp  >&5
configure:3354: $? = 0
configure:3361: ./conftest
configure:3365: $? = 0
configure:3353: result: no
configure:3358: checking for suffix of object files
configure:3380: g++ -c   conftest.cpp >&5
configure:3384: $? = 0
configure:3405: result: o
configure:3409: checking whether we are using the GNU C++ compiler
configure:3428: g++ -c   conftest.cpp >&5
configure:3428: $? = 0
configure:3437: result: yes
configure:3446: checking whether g++ accepts -g
configure:3466: g++ -c -g  conftest.cpp >&5
configure:3466: $? = 0
configure:3507: result: yes
configure:3533: checking whether make supports the include directive
configure:3548: make -f confmf.GNU && cat confinc.out
this is the am__doit target
configure:3551: $? = 0
configure:3570: result: yes (GNU style)
configure:3595: checking dependency style of g++
configure:3706: result: gcc3
configure:3726: checking whether NLS is requested
configure:3735: result: yes
configure:3753: checking for intltool >= 0.35.0
configure:3755: result: 0.51.0 found
configure:3763: checking for intltool-update
configure:3781: found /usr/bin/intltool-update
configure:3793: result: /usr/bin/intltool-update
configure:3803: checking for intltool-merge
configure:3821: found /usr/bin/intltool-merge
configure:3833: result: /usr/bin/intltool-merge
configure:3843: checking for intltool-extract
configure:3861: found /usr/bin/intltool-extract
configure:3873: result: /usr/bin/intltool-extract
configure:4027: checking for xgettext
configure:4045: found /usr/bin/xgettext
configure:4057: result: /usr/bin/xgettext
configure:4067: checking for msgmerge
configure:4085: found /usr/bin/msgmerge
configure:4097: result: /usr/bin/msgmerge
configure:4107: checking for msgfmt
configure:4125: found /usr/bin/msgfmt
configure:4137: result: /usr/bin/msgfmt
configure:4147: checking for gmsgfmt
configure:4178: result: /usr/bin/msgfmt
configure:4198: checking for perl
configure:4216: found /usr/bin/perl
configure:4228: result: /usr/bin/perl
configure:4239: checking for perl >= 5.8.1
configure:4246: result: 5.30.0
configure:4250: checking for XML::Parser
configure:4253: result: ok
configure:4322: checking for gcc
configure:4338: found /usr/bin/gcc
configure:4349: result: gcc
configure:4578: checking for C compiler version
configure:4587: gcc --version >&5
gcc (Ubuntu 9.3.0-17ubuntu1~20.04) 9.3.0
Copyright (C) 2019 Free Software Foundation, Inc.
This is free software; see the source for copying conditions.  There is NO
warranty; not even for MERCHANTABILITY or FITNESS FOR A PARTICULAR PURPOSE.

configure:4598: $? = 0
configure:4587: gcc -v >&5
Using built-in specs.
COLLECT_GCC=gcc
COLLECT_LTO_WRAPPER=/usr/lib/gcc/x86_64-linux-gnu/9/lto-wrapper
OFFLOAD_TARGET_NAMES=nvptx-none:hsa
OFFLOAD_TARGET_DEFAULT=1
Target: x86_64-linux-gnu
Configured with: ../src/configure -v --with-pkgversion='Ubuntu 9.3.0-17ubuntu1~20.04' --with-bugurl=file:///usr/share/doc/gcc-9/README.Bugs --enable-languages=c,ada,c++,go,brig,d,fortran,objc,obj-c++,gm2 --prefix=/usr --with-gcc-major-version-only --program-suffix=-9 --program-prefix=x86_64-linux-gnu- --enable-shared --enable-linker-build-id --libexecdir=/usr/lib --without-included-gettext --enable-threads=posix --libdir=/usr/lib --enable-nls --enable-clocale=gnu --enable-libstdcxx-debug --enable-libstdcxx-time=yes --with-default-libstdcxx-abi=new --enable-gnu-unique-object --disable-vtable-verify --enable-plugin --enable-default-pie --with-system-zlib --with-target-system-zlib=auto --enable-objc-gc=auto --enable-multiarch --disable-werror --with-arch-32=i686 --with-abi=m64 --with-multilib-list=m32,m64,mx32 --enable-multilib --with-tune=generic --enable-offload-targets=nvptx-none=/build/gcc-9-HskZEa/gcc-9-9.3.0/debian/tmp-nvptx/usr,hsa --without-cuda-driver --enable-checking=release --build=x86_64-linux-gnu --host=x86_64-linux-gnu --target=x86_64-linux-gnu
Thread model: posix
gcc version 9.3.0 (Ubuntu 9.3.0-17ubuntu1~20.04) 
configure:4598: $? = 0
configure:4587: gcc -V >&5
gcc: error: unrecognized command line option '-V'
gcc: fatal error: no input files
compilation terminated.
configure:4598: $? = 1
configure:4587: gcc -qversion >&5
gcc: error: unrecognized command line option '-qversion'; did you mean '--version'?
gcc: fatal error: no input files
compilation terminated.
configure:4598: $? = 1
configure:4602: checking whether we are using the GNU C compiler
configure:4621: gcc -c   conftest.c >&5
configure:4621: $? = 0
configure:4630: result: yes
configure:4639: checking whether gcc accepts -g
configure:4659: gcc -c -g  conftest.c >&5
configure:4659: $? = 0
configure:4700: result: yes
configure:4717: checking for gcc option to accept ISO C89
configure:4780: gcc  -c -g -O2  conftest.c >&5
configure:4780: $? = 0
configure:4793: result: none needed
configure:4818: checking whether gcc understands -c and -o together
configure:4840: gcc -c conftest.c -o conftest2.o
configure:4843: $? = 0
configure:4840: gcc -c conftest.c -o conftest2.o
configure:4843: $? = 0
configure:4855: result: yes
configure:4874: checking dependency style of gcc
configure:4985: result: gcc3
configure:5006: checking how to run the C preprocessor
configure:5037: gcc -E  conftest.c
configure:5037: $? = 0
configure:5051: gcc -E  conftest.c
conftest.c:12:10: fatal error: ac_nonexistent.h: No such file or directory
   12 | #include <ac_nonexistent.h>
      |          ^~~~~~~~~~~~~~~~~~
compilation terminated.
configure:5051: $? = 1
configure: failed program was:
| /* confdefs.h */
| #define PACKAGE_NAME "lab6"
| #define PACKAGE_TARNAME "lab6"
| #define PACKAGE_VERSION "0.1"
| #define PACKAGE_STRING "lab6 0.1"
| #define PACKAGE_BUGREPORT ""
| #define PACKAGE_URL ""
| #define PACKAGE "lab6"
| #define VERSION "0.1"
| #define GETTEXT_PACKAGE "lab6"
| /* end confdefs.h.  */
| #include <ac_nonexistent.h>
configure:5076: result: gcc -E
configure:5096: gcc -E  conftest.c
configure:5096: $? = 0
configure:5110: gcc -E  conftest.c
conftest.c:12:10: fatal error: ac_nonexistent.h: No such file or directory
   12 | #include <ac_nonexistent.h>
      |          ^~~~~~~~~~~~~~~~~~
compilation terminated.
configure:5110: $? = 1
configure: failed program was:
| /* confdefs.h */
| #define PACKAGE_NAME "lab6"
| #define PACKAGE_TARNAME "lab6"
| #define PACKAGE_VERSION "0.1"
| #define PACKAGE_STRING "lab6 0.1"
| #define PACKAGE_BUGREPORT ""
| #define PACKAGE_URL ""
| #define PACKAGE "lab6"
| #define VERSION "0.1"
| #define GETTEXT_PACKAGE "lab6"
| /* end confdefs.h.  */
| #include <ac_nonexistent.h>
configure:5139: checking for grep that handles long lines and -e
configure:5197: result: /usr/bin/grep
configure:5202: checking for egrep
configure:5264: result: /usr/bin/grep -E
configure:5269: checking for ANSI C header files
configure:5289: gcc -c -g -O2  conftest.c >&5
configure:5289: $? = 0
configure:5362: gcc -o conftest -g -O2   conftest.c  >&5
configure:5362: $? = 0
configure:5362: ./conftest
configure:5362: $? = 0
configure:5373: result: yes
configure:5386: checking for sys/types.h
configure:5386: gcc -c -g -O2  conftest.c >&5
configure:5386: $? = 0
configure:5386: result: yes
configure:5386: checking for sys/stat.h
configure:5386: gcc -c -g -O2  conftest.c >&5
configure:5386: $? = 0
configure:5386: result: yes
configure:5386: checking for stdlib.h
configure:5386: gcc -c -g -O2  conftest.c >&5
configure:5386: $? = 0
configure:5386: result: yes
configure:5386: checking for string.h
configure:5386: gcc -c -g -O2  conftest.c >&5
configure:5386: $? = 0
configure:5386: result: yes
configure:5386: checking for memory.h
configure:5386: gcc -c -g -O2  conftest.c >&5
configure:5386: $? = 0
configure:5386: result: yes
configure:5386: checking for strings.h
configure:5386: gcc -c -g -O2  conftest.c >&5
configure:5386: $? = 0
configure:5386: result: yes
configure:5386: checking for inttypes.h
configure:5386: gcc -c -g -O2  conftest.c >&5
configure:5386: $? = 0
configure:5386: result: yes
configure:5386: checking for stdint.h
configure:5386: gcc -c -g -O2  conftest.c >&5
configure:5386: $? = 0
configure:5386: result: yes
configure:5386: checking for unistd.h
configure:5386: gcc -c -g -O2  conftest.c >&5
configure:5386: $? = 0
configure:5386: result: yes
configure:5401: checking locale.h usability
configure:5401: gcc -c -g -O2  conftest.c >&5
configure:5401: $? = 0
configure:5401: result: yes
configure:5401: checking locale.h presence
configure:5401: gcc -E  conftest.c
configure:5401: $? = 0
configure:5401: result: yes
configure:5401: checking for locale.h
configure:5401: result: yes
configure:5412: checking for LC_MESSAGES
configure:5428: gcc -o conftest -g -O2   conftest.c  >&5
configure:5428: $? = 0
configure:5436: result: yes
configure:5454: checking for CFPreferencesCopyAppValue
configure:5472: gcc -o conftest -g -O2   conftest.c  -Wl,-framework -Wl,CoreFoundation >&5
conftest.c:24:10: fatal error: CoreFoundation/CFPreferences.h: No such file or directory
   24 | #include <CoreFoundation/CFPreferences.h>
      |          ^~~~~~~~~~~~~~~~~~~~~~~~~~~~~~~~
compilation terminated.
configure:5472: $? = 1
configure: failed program was:
| /* confdefs.h */
| #define PACKAGE_NAME "lab6"
| #define PACKAGE_TARNAME "lab6"
| #define PACKAGE_VERSION "0.1"
| #define PACKAGE_STRING "lab6 0.1"
| #define PACKAGE_BUGREPORT ""
| #define PACKAGE_URL ""
| #define PACKAGE "lab6"
| #define VERSION "0.1"
| #define GETTEXT_PACKAGE "lab6"
| #define STDC_HEADERS 1
| #define HAVE_SYS_TYPES_H 1
| #define HAVE_SYS_STAT_H 1
| #define HAVE_STDLIB_H 1
| #define HAVE_STRING_H 1
| #define HAVE_MEMORY_H 1
| #define HAVE_STRINGS_H 1
| #define HAVE_INTTYPES_H 1
| #define HAVE_STDINT_H 1
| #define HAVE_UNISTD_H 1
| #define HAVE_LOCALE_H 1
| #define HAVE_LC_MESSAGES 1
| /* end confdefs.h.  */
| #include <CoreFoundation/CFPreferences.h>
| int
| main ()
| {
| CFPreferencesCopyAppValue(NULL, NULL)
|   ;
|   return 0;
| }
configure:5481: result: no
configure:5488: checking for CFLocaleCopyCurrent
configure:5506: gcc -o conftest -g -O2   conftest.c  -Wl,-framework -Wl,CoreFoundation >&5
conftest.c:24:10: fatal error: CoreFoundation/CFLocale.h: No such file or directory
   24 | #include <CoreFoundation/CFLocale.h>
      |          ^~~~~~~~~~~~~~~~~~~~~~~~~~~
compilation terminated.
configure:5506: $? = 1
configure: failed program was:
| /* confdefs.h */
| #define PACKAGE_NAME "lab6"
| #define PACKAGE_TARNAME "lab6"
| #define PACKAGE_VERSION "0.1"
| #define PACKAGE_STRING "lab6 0.1"
| #define PACKAGE_BUGREPORT ""
| #define PACKAGE_URL ""
| #define PACKAGE "lab6"
| #define VERSION "0.1"
| #define GETTEXT_PACKAGE "lab6"
| #define STDC_HEADERS 1
| #define HAVE_SYS_TYPES_H 1
| #define HAVE_SYS_STAT_H 1
| #define HAVE_STDLIB_H 1
| #define HAVE_STRING_H 1
| #define HAVE_MEMORY_H 1
| #define HAVE_STRINGS_H 1
| #define HAVE_INTTYPES_H 1
| #define HAVE_STDINT_H 1
| #define HAVE_UNISTD_H 1
| #define HAVE_LOCALE_H 1
| #define HAVE_LC_MESSAGES 1
| /* end confdefs.h.  */
| #include <CoreFoundation/CFLocale.h>
| int
| main ()
| {
| CFLocaleCopyCurrent();
|   ;
|   return 0;
| }
configure:5515: result: no
configure:5529: checking libintl.h usability
configure:5529: gcc -c -g -O2  conftest.c >&5
configure:5529: $? = 0
configure:5529: result: yes
configure:5529: checking libintl.h presence
configure:5529: gcc -E  conftest.c
configure:5529: $? = 0
configure:5529: result: yes
configure:5529: checking for libintl.h
configure:5529: result: yes
configure:5537: checking for ngettext in libc
configure:5555: gcc -o conftest -g -O2   conftest.c  >&5
configure:5555: $? = 0
configure:5564: result: yes
configure:5568: checking for dgettext in libc
configure:5586: gcc -o conftest -g -O2   conftest.c  >&5
configure:5586: $? = 0
configure:5595: result: yes
configure:5602: checking for bind_textdomain_codeset
configure:5602: gcc -o conftest -g -O2   conftest.c  >&5
configure:5602: $? = 0
configure:5602: result: yes
configure:5878: checking for msgfmt
configure:5905: result: /usr/bin/msgfmt
configure:5916: checking for dcgettext
configure:5916: gcc -o conftest -g -O2   conftest.c   >&5
conftest.c:49:6: warning: conflicting types for built-in function 'dcgettext'; expected 'char *(const char *, const char *, int)' [-Wbuiltin-declaration-mismatch]
   49 | char dcgettext ();
      |      ^~~~~~~~~
configure:5916: $? = 0
configure:5916: result: yes
configure:5926: checking if msgfmt accepts -c
configure:5941: $MSGFMT -c -o /dev/null conftest.foo
conftest.foo:3: warning: header field 'Language' missing in header
configure:5944: $? = 0
configure:5946: result: yes
configure:5956: checking for gmsgfmt
configure:5987: result: /usr/bin/msgfmt
configure:5997: checking for xgettext
configure:6024: result: /usr/bin/xgettext
configure:6043: gcc -o conftest -g -O2   conftest.c   >&5
configure:6043: $? = 0
configure:6216: checking build system type
configure:6230: result: x86_64-pc-linux-gnu
configure:6250: checking host system type
configure:6263: result: x86_64-pc-linux-gnu
configure:6304: checking how to print strings
configure:6331: result: printf
configure:6352: checking for a sed that does not truncate output
configure:6416: result: /usr/bin/sed
configure:6434: checking for fgrep
configure:6496: result: /usr/bin/grep -F
configure:6531: checking for ld used by gcc
configure:6598: result: /usr/bin/ld
configure:6605: checking if the linker (/usr/bin/ld) is GNU ld
configure:6620: result: yes
configure:6632: checking for BSD- or MS-compatible name lister (nm)
configure:6686: result: /usr/bin/nm -B
configure:6816: checking the name lister (/usr/bin/nm -B) interface
configure:6823: gcc -c -g -O2  conftest.c >&5
configure:6826: /usr/bin/nm -B "conftest.o"
configure:6829: output
0000000000000000 B some_variable
configure:6830: result: BSD nm
configure:6833: checking whether ln -s works
configure:6837: result: yes
configure:6845: checking the maximum length of command line arguments
configure:6976: result: 1572864
configure:7024: checking how to convert x86_64-pc-linux-gnu file names to x86_64-pc-linux-gnu format
configure:7064: result: func_convert_file_noop
configure:7071: checking how to convert x86_64-pc-linux-gnu file names to toolchain format
configure:7091: result: func_convert_file_noop
configure:7098: checking for /usr/bin/ld option to reload object files
configure:7105: result: -r
configure:7179: checking for objdump
configure:7195: found /usr/bin/objdump
configure:7206: result: objdump
configure:7238: checking how to recognize dependent libraries
configure:7438: result: pass_all
configure:7523: checking for dlltool
configure:7553: result: no
configure:7583: checking how to associate runtime and link libraries
configure:7610: result: printf %s\n
configure:7670: checking for ar
configure:7686: found /usr/bin/ar
configure:7697: result: ar
configure:7734: checking for archiver @FILE support
configure:7751: gcc -c -g -O2  conftest.c >&5
configure:7751: $? = 0
configure:7754: ar cr libconftest.a @conftest.lst >&5
configure:7757: $? = 0
configure:7762: ar cr libconftest.a @conftest.lst >&5
ar: conftest.o: No such file or directory
configure:7765: $? = 1
configure:7764: result: @
configure:7822: checking for strip
configure:7838: found /usr/bin/strip
configure:7849: result: strip
configure:7921: checking for ranlib
configure:7937: found /usr/bin/ranlib
configure:7948: result: ranlib
configure:8050: checking command to parse /usr/bin/nm -B output from gcc object
configure:8203: gcc -c -g -O2  conftest.c >&5
configure:8206: $? = 0
configure:8210: /usr/bin/nm -B conftest.o | sed -n -e 's/^.*[	 ]\([ABCDGIRSTW][ABCDGIRSTW]*\)[	 ][	 ]*\([_A-Za-z][_A-Za-z0-9]*\)$/\1 \2 \2/p' | sed '/ __gnu_lto/d' > conftest.nm
configure:8276: gcc -o conftest -g -O2   conftest.c conftstm.o >&5
configure:8279: $? = 0
configure:8317: result: ok
configure:8364: checking for sysroot
configure:8394: result: no
configure:8401: checking for a working dd
configure:8439: result: /usr/bin/dd
configure:8443: checking how to truncate binary pipes
configure:8458: result: /usr/bin/dd bs=4096 count=1
configure:8594: gcc -c -g -O2  conftest.c >&5
configure:8597: $? = 0
configure:8787: checking for mt
configure:8803: found /usr/bin/mt
configure:8814: result: mt
configure:8837: checking if mt is a manifest tool
configure:8843: mt '-?'
configure:8851: result: no
configure:9525: checking for dlfcn.h
configure:9525: gcc -c -g -O2  conftest.c >&5
configure:9525: $? = 0
configure:9525: result: yes
configure:9792: checking for objdir
configure:9807: result: .libs
configure:10067: checking if gcc supports -fno-rtti -fno-exceptions
configure:10085: gcc -c -g -O2  -fno-rtti -fno-exceptions conftest.c >&5
cc1: warning: command line option '-fno-rtti' is valid for C++/D/ObjC++ but not for C
configure:10089: $? = 0
configure:10102: result: no
configure:10466: checking for gcc option to produce PIC
configure:10473: result: -fPIC -DPIC
configure:10481: checking if gcc PIC flag -fPIC -DPIC works
configure:10499: gcc -c -g -O2  -fPIC -DPIC -DPIC conftest.c >&5
configure:10503: $? = 0
configure:10516: result: yes
configure:10545: checking if gcc static flag -static works
configure:10573: result: yes
configure:10588: checking if gcc supports -c -o file.o
configure:10609: gcc -c -g -O2  -o out/conftest2.o conftest.c >&5
configure:10613: $? = 0
configure:10635: result: yes
configure:10643: checking if gcc supports -c -o file.o
configure:10690: result: yes
configure:10723: checking whether the gcc linker (/usr/bin/ld -m elf_x86_64) supports shared libraries
configure:11986: result: yes
configure:12023: checking whether -lc should be explicitly linked in
configure:12031: gcc -c -g -O2  conftest.c >&5
configure:12034: $? = 0
configure:12049: gcc -shared  -fPIC -DPIC conftest.o  -v -Wl,-soname -Wl,conftest -o conftest 2\>\&1 \| /usr/bin/grep  -lc  \>/dev/null 2\>\&1
configure:12052: $? = 0
configure:12066: result: no
configure:12226: checking dynamic linker characteristics
configure:12807: gcc -o conftest -g -O2   -Wl,-rpath -Wl,/foo conftest.c  >&5
configure:12807: $? = 0
configure:13056: result: GNU/Linux ld.so
configure:13178: checking how to hardcode library paths into programs
configure:13203: result: immediate
configure:13751: checking whether stripping libraries is possible
configure:13756: result: yes
configure:13791: checking if libtool supports shared libraries
configure:13793: result: yes
configure:13796: checking whether to build shared libraries
configure:13821: result: yes
configure:13824: checking whether to build static libraries
configure:13828: result: yes
configure:10627: checking how to run the C++ preprocessor
configure:10654: g++ -E  conftest.cpp
configure:10654: $? = 0
configure:10668: g++ -E  conftest.cpp
conftest.cpp:30:10: fatal error: ac_nonexistent.h: No such file or directory
   30 | #include <ac_nonexistent.h>
      |          ^~~~~~~~~~~~~~~~~~
compilation terminated.
configure:10668: $? = 1
configure: failed program was:
| /* confdefs.h */
| #define PACKAGE_NAME "lab6"
| #define PACKAGE_TARNAME "lab6"
| #define PACKAGE_VERSION "0.1"
| #define PACKAGE_STRING "lab6 0.1"
| #define PACKAGE_BUGREPORT ""
| #define PACKAGE_URL ""
| #define PACKAGE "lab6"
| #define VERSION "0.1"
| #define GETTEXT_PACKAGE "lab6"
| #define STDC_HEADERS 1
| #define HAVE_SYS_TYPES_H 1
| #define HAVE_SYS_STAT_H 1
| #define HAVE_STDLIB_H 1
| #define HAVE_STRING_H 1
| #define HAVE_MEMORY_H 1
| #define HAVE_STRINGS_H 1
| #define HAVE_INTTYPES_H 1
| #define HAVE_STDINT_H 1
| #define HAVE_UNISTD_H 1
| #define HAVE_LOCALE_H 1
| #define HAVE_LC_MESSAGES 1
| #define HAVE_BIND_TEXTDOMAIN_CODESET 1
| #define HAVE_GETTEXT 1
| #define HAVE_DCGETTEXT 1
| #define ENABLE_NLS 1
| #define HAVE_DLFCN_H 1
| #define LT_OBJDIR ".libs/"
| /* end confdefs.h.  */
| #include <ac_nonexistent.h>
configure:10693: result: g++ -E
configure:10713: g++ -E  conftest.cpp
configure:10713: $? = 0
configure:10727: g++ -E  conftest.cpp
conftest.cpp:30:10: fatal error: ac_nonexistent.h: No such file or directory
   30 | #include <ac_nonexistent.h>
      |          ^~~~~~~~~~~~~~~~~~
compilation terminated.
configure:10727: $? = 1
configure: failed program was:
| /* confdefs.h */
| #define PACKAGE_NAME "lab6"
| #define PACKAGE_TARNAME "lab6"
| #define PACKAGE_VERSION "0.1"
| #define PACKAGE_STRING "lab6 0.1"
| #define PACKAGE_BUGREPORT ""
| #define PACKAGE_URL ""
| #define PACKAGE "lab6"
| #define VERSION "0.1"
| #define GETTEXT_PACKAGE "lab6"
| #define STDC_HEADERS 1
| #define HAVE_SYS_TYPES_H 1
| #define HAVE_SYS_STAT_H 1
| #define HAVE_STDLIB_H 1
| #define HAVE_STRING_H 1
| #define HAVE_MEMORY_H 1
| #define HAVE_STRINGS_H 1
| #define HAVE_INTTYPES_H 1
| #define HAVE_STDINT_H 1
| #define HAVE_UNISTD_H 1
| #define HAVE_LOCALE_H 1
| #define HAVE_LC_MESSAGES 1
| #define HAVE_BIND_TEXTDOMAIN_CODESET 1
| #define HAVE_GETTEXT 1
| #define HAVE_DCGETTEXT 1
| #define ENABLE_NLS 1
| #define HAVE_DLFCN_H 1
| #define LT_OBJDIR ".libs/"
| /* end confdefs.h.  */
| #include <ac_nonexistent.h>
configure:10889: checking for ld used by g++
configure:10956: result: /usr/bin/ld -m elf_x86_64
configure:10963: checking if the linker (/usr/bin/ld -m elf_x86_64) is GNU ld
configure:10978: result: yes
configure:11033: checking whether the g++ linker (/usr/bin/ld -m elf_x86_64) supports shared libraries
configure:12106: result: yes
configure:12142: g++ -c -g -O2  conftest.cpp >&5
configure:12145: $? = 0
configure:12626: checking for g++ option to produce PIC
configure:12633: result: -fPIC -DPIC
configure:12641: checking if g++ PIC flag -fPIC -DPIC works
configure:12659: g++ -c -g -O2  -fPIC -DPIC -DPIC conftest.cpp >&5
configure:12663: $? = 0
configure:12676: result: yes
configure:12699: checking if g++ static flag -static works
configure:12727: result: yes
configure:12739: checking if g++ supports -c -o file.o
configure:12760: g++ -c -g -O2  -o out/conftest2.o conftest.cpp >&5
configure:12764: $? = 0
configure:12786: result: yes
configure:12791: checking if g++ supports -c -o file.o
configure:12838: result: yes
configure:12868: checking whether the g++ linker (/usr/bin/ld -m elf_x86_64) supports shared libraries
configure:12911: result: yes
configure:13052: checking dynamic linker characteristics
configure:13809: result: GNU/Linux ld.so
configure:13874: checking how to hardcode library paths into programs
configure:13899: result: immediate
configure:12899: checking that generated files are newer than configure
configure:12905: result: done
configure:12936: creating ./config.status

## ---------------------- ##
## Running config.status. ##
## ---------------------- ##

This file was extended by lab6 config.status 0.1, which was
generated by GNU Autoconf 2.69.  Invocation command line was

  CONFIG_FILES    = 
  CONFIG_HEADERS  = 
  CONFIG_LINKS    = 
  CONFIG_COMMANDS = 
  $ ./config.status 

on harris-VirtualBox

config.status:1223: creating Makefile
config.status:1223: creating src/Makefile
config.status:1223: creating po/Makefile.in
config.status:1223: creating config.h
config.status:1452: executing depfiles commands
config.status:1529: cd src       && sed -e '/# am--include-marker/d' Makefile         | make -f - am--depfiles
config.status:1534: $? = 0
config.status:1452: executing default-1 commands
config.status:1452: executing libtool commands
config.status:1452: executing po/stamp-it commands
configure:15368: WARNING: unrecognized options: --enable-maintainer-mode

## ---------------- ##
## Cache variables. ##
## ---------------- ##

ac_cv_build=x86_64-pc-linux-gnu
ac_cv_c_compiler_gnu=yes
ac_cv_cxx_compiler_gnu=yes
ac_cv_env_CCC_set=
ac_cv_env_CCC_value=
ac_cv_env_CC_set=
ac_cv_env_CC_value=
ac_cv_env_CFLAGS_set=
ac_cv_env_CFLAGS_value=
ac_cv_env_CPPFLAGS_set=
ac_cv_env_CPPFLAGS_value=
ac_cv_env_CPP_set=
ac_cv_env_CPP_value=
ac_cv_env_CXXCPP_set=
ac_cv_env_CXXCPP_value=
ac_cv_env_CXXFLAGS_set=
ac_cv_env_CXXFLAGS_value=
ac_cv_env_CXX_set=
ac_cv_env_CXX_value=
ac_cv_env_LDFLAGS_set=
ac_cv_env_LDFLAGS_value=
ac_cv_env_LIBS_set=
ac_cv_env_LIBS_value=
ac_cv_env_LT_SYS_LIBRARY_PATH_set=
ac_cv_env_LT_SYS_LIBRARY_PATH_value=
ac_cv_env_build_alias_set=
ac_cv_env_build_alias_value=
ac_cv_env_host_alias_set=
ac_cv_env_host_alias_value=
ac_cv_env_target_alias_set=
ac_cv_env_target_alias_value=
ac_cv_func_bind_textdomain_codeset=yes
ac_cv_func_dcgettext=yes
ac_cv_header_dlfcn_h=yes
ac_cv_header_inttypes_h=yes
ac_cv_header_libintl_h=yes
ac_cv_header_locale_h=yes
ac_cv_header_memory_h=yes
ac_cv_header_stdc=yes
ac_cv_header_stdint_h=yes
ac_cv_header_stdlib_h=yes
ac_cv_header_string_h=yes
ac_cv_header_strings_h=yes
ac_cv_header_sys_stat_h=yes
ac_cv_header_sys_types_h=yes
ac_cv_header_unistd_h=yes
ac_cv_host=x86_64-pc-linux-gnu
ac_cv_objext=o
ac_cv_path_EGREP='/usr/bin/grep -E'
ac_cv_path_FGREP='/usr/bin/grep -F'
ac_cv_path_GMSGFMT=/usr/bin/msgfmt
ac_cv_path_GREP=/usr/bin/grep
ac_cv_path_INTLTOOL_EXTRACT=/usr/bin/intltool-extract
ac_cv_path_INTLTOOL_MERGE=/usr/bin/intltool-merge
ac_cv_path_INTLTOOL_PERL=/usr/bin/perl
ac_cv_path_INTLTOOL_UPDATE=/usr/bin/intltool-update
ac_cv_path_MSGFMT=/usr/bin/msgfmt
ac_cv_path_MSGMERGE=/usr/bin/msgmerge
ac_cv_path_SED=/usr/bin/sed
ac_cv_path_XGETTEXT=/usr/bin/xgettext
ac_cv_path_install='/usr/bin/install -c'
ac_cv_path_lt_DD=/usr/bin/dd
ac_cv_path_mkdir=/usr/bin/mkdir
ac_cv_prog_AWK=mawk
ac_cv_prog_CPP='gcc -E'
ac_cv_prog_CXXCPP='g++ -E'
ac_cv_prog_ac_ct_AR=ar
ac_cv_prog_ac_ct_CC=gcc
ac_cv_prog_ac_ct_CXX=g++
ac_cv_prog_ac_ct_MANIFEST_TOOL=mt
ac_cv_prog_ac_ct_OBJDUMP=objdump
ac_cv_prog_ac_ct_RANLIB=ranlib
ac_cv_prog_ac_ct_STRIP=strip
ac_cv_prog_cc_c89=
ac_cv_prog_cc_g=yes
ac_cv_prog_cxx_g=yes
ac_cv_prog_make_make_set=yes
am_cv_CC_dependencies_compiler_type=gcc3
am_cv_CXX_dependencies_compiler_type=gcc3
am_cv_make_support_nested_variables=yes
am_cv_prog_cc_c_o=yes
am_cv_val_LC_MESSAGES=yes
gt_cv_func_CFLocaleCopyCurrent=no
gt_cv_func_CFPreferencesCopyAppValue=no
gt_cv_func_dgettext_libc=yes
gt_cv_func_dgettext_libintl=no
gt_cv_func_ngettext_libc=yes
gt_cv_have_gettext=yes
lt_cv_ar_at_file=@
lt_cv_archive_cmds_need_lc=no
lt_cv_deplibs_check_method=pass_all
lt_cv_file_magic_cmd='$MAGIC_CMD'
lt_cv_file_magic_test_file=
lt_cv_ld_reload_flag=-r
lt_cv_nm_interface='BSD nm'
lt_cv_objdir=.libs
lt_cv_path_LD=/usr/bin/ld
lt_cv_path_LDCXX='/usr/bin/ld -m elf_x86_64'
lt_cv_path_NM='/usr/bin/nm -B'
lt_cv_path_mainfest_tool=no
lt_cv_prog_compiler_c_o=yes
lt_cv_prog_compiler_c_o_CXX=yes
lt_cv_prog_compiler_pic='-fPIC -DPIC'
lt_cv_prog_compiler_pic_CXX='-fPIC -DPIC'
lt_cv_prog_compiler_pic_works=yes
lt_cv_prog_compiler_pic_works_CXX=yes
lt_cv_prog_compiler_rtti_exceptions=no
lt_cv_prog_compiler_static_works=yes
lt_cv_prog_compiler_static_works_CXX=yes
lt_cv_prog_gnu_ld=yes
lt_cv_prog_gnu_ldcxx=yes
lt_cv_sharedlib_from_linklib_cmd='printf %s\n'
lt_cv_shlibpath_overrides_runpath=yes
lt_cv_sys_global_symbol_pipe='sed -n -e '\''s/^.*[	 ]\([ABCDGIRSTW][ABCDGIRSTW]*\)[	 ][	 ]*\([_A-Za-z][_A-Za-z0-9]*\)$/\1 \2 \2/p'\'' | sed '\''/ __gnu_lto/d'\'''
lt_cv_sys_global_symbol_to_c_name_address='sed -n -e '\''s/^: \(.*\) .*$/  {"\1", (void *) 0},/p'\'' -e '\''s/^[ABCDGIRSTW][ABCDGIRSTW]* .* \(.*\)$/  {"\1", (void *) \&\1},/p'\'''
lt_cv_sys_global_symbol_to_c_name_address_lib_prefix='sed -n -e '\''s/^: \(.*\) .*$/  {"\1", (void *) 0},/p'\'' -e '\''s/^[ABCDGIRSTW][ABCDGIRSTW]* .* \(lib.*\)$/  {"\1", (void *) \&\1},/p'\'' -e '\''s/^[ABCDGIRSTW][ABCDGIRSTW]* .* \(.*\)$/  {"lib\1", (void *) \&\1},/p'\'''
lt_cv_sys_global_symbol_to_cdecl='sed -n -e '\''s/^T .* \(.*\)$/extern int \1();/p'\'' -e '\''s/^[ABCDGIRSTW][ABCDGIRSTW]* .* \(.*\)$/extern char \1;/p'\'''
lt_cv_sys_global_symbol_to_import=
lt_cv_sys_max_cmd_len=1572864
lt_cv_to_host_file_cmd=func_convert_file_noop
lt_cv_to_tool_file_cmd=func_convert_file_noop
lt_cv_truncate_bin='/usr/bin/dd bs=4096 count=1'

## ----------------- ##
## Output variables. ##
## ----------------- ##

ACLOCAL='${SHELL} /home/harris/Documents/ece2620/Lab6/missing aclocal-1.16'
ALL_LINGUAS=''
AMDEPBACKSLASH='\'
AMDEP_FALSE='#'
AMDEP_TRUE=''
AMTAR='$${TAR-tar}'
AM_BACKSLASH='\'
AM_DEFAULT_V='$(AM_DEFAULT_VERBOSITY)'
AM_DEFAULT_VERBOSITY='0'
AM_V='$(V)'
AR='ar'
AUTOCONF='${SHELL} /home/harris/Documents/ece2620/Lab6/missing autoconf'
AUTOHEADER='${SHELL} /home/harris/Documents/ece2620/Lab6/missing autoheader'
AUTOMAKE='${SHELL} /home/harris/Documents/ece2620/Lab6/missing automake-1.16'
AWK='mawk'
CATALOGS=''
CATOBJEXT='.gmo'
CC='gcc'
CCDEPMODE='depmode=gcc3'
CFLAGS='-g -O2'
CPP='gcc -E'
CPPFLAGS=''
CXX='g++'
CXXCPP='g++ -E'
CXXDEPMODE='depmode=gcc3'
CXXFLAGS='-g -O2'
CYGPATH_W='echo'
DATADIRNAME='share'
DEFS='-DHAVE_CONFIG_H'
DEPDIR='.deps'
DLLTOOL='false'
DSYMUTIL=''
DUMPBIN=''
ECHO_C=''
ECHO_N='-n'
ECHO_T=''
EGREP='/usr/bin/grep -E'
EXEEXT=''
FGREP='/usr/bin/grep -F'
GETTEXT_PACKAGE='lab6'
GMOFILES=''
GMSGFMT='/usr/bin/msgfmt'
GREP='/usr/bin/grep'
INSTALL_DATA='${INSTALL} -m 644'
INSTALL_PROGRAM='${INSTALL}'
INSTALL_SCRIPT='${INSTALL}'
INSTALL_STRIP_PROGRAM='$(install_sh) -c -s'
INSTOBJEXT='.mo'
INTLLIBS=''
INTLTOOL_CAVES_RULE='%.caves:     %.caves.in     $(INTLTOOL_MERGE) $(wildcard $(top_srcdir)/po/*.po) ; $(INTLTOOL_V_MERGE)LC_ALL=C $(INTLTOOL_MERGE) $(INTLTOOL_V_MERGE_OPTIONS) -d -u -c $(top_builddir)/po/.intltool-merge-cache $(top_srcdir)/po $< $@'
INTLTOOL_DESKTOP_RULE='%.desktop:   %.desktop.in   $(INTLTOOL_MERGE) $(wildcard $(top_srcdir)/po/*.po) ; $(INTLTOOL_V_MERGE)LC_ALL=C $(INTLTOOL_MERGE) $(INTLTOOL_V_MERGE_OPTIONS) -d -u -c $(top_builddir)/po/.intltool-merge-cache $(top_srcdir)/po $< $@'
INTLTOOL_DIRECTORY_RULE='%.directory: %.directory.in $(INTLTOOL_MERGE) $(wildcard $(top_srcdir)/po/*.po) ; $(INTLTOOL_V_MERGE)LC_ALL=C $(INTLTOOL_MERGE) $(INTLTOOL_V_MERGE_OPTIONS) -d -u -c $(top_builddir)/po/.intltool-merge-cache $(top_srcdir)/po $< $@'
INTLTOOL_EXTRACT='/usr/bin/intltool-extract'
INTLTOOL_KBD_RULE='%.kbd:       %.kbd.in       $(INTLTOOL_MERGE) $(wildcard $(top_srcdir)/po/*.po) ; $(INTLTOOL_V_MERGE)LC_ALL=C $(INTLTOOL_MERGE) $(INTLTOOL_V_MERGE_OPTIONS) -x -u -m -c $(top_builddir)/po/.intltool-merge-cache $(top_srcdir)/po $< $@'
INTLTOOL_KEYS_RULE='%.keys:      %.keys.in      $(INTLTOOL_MERGE) $(wildcard $(top_srcdir)/po/*.po) ; $(INTLTOOL_V_MERGE)LC_ALL=C $(INTLTOOL_MERGE) $(INTLTOOL_V_MERGE_OPTIONS) -k -u -c $(top_builddir)/po/.intltool-merge-cache $(top_srcdir)/po $< $@'
INTLTOOL_MERGE='/usr/bin/intltool-merge'
INTLTOOL_OAF_RULE='%.oaf:       %.oaf.in       $(INTLTOOL_MERGE) $(wildcard $(top_srcdir)/po/*.po) ; $(INTLTOOL_V_MERGE)LC_ALL=C $(INTLTOOL_MERGE) $(INTLTOOL_V_MERGE_OPTIONS) -o -p $(top_srcdir)/po $< $@'
INTLTOOL_PERL='/usr/bin/perl'
INTLTOOL_POLICY_RULE='%.policy:    %.policy.in    $(INTLTOOL_MERGE) $(wildcard $(top_srcdir)/po/*.po) ; $(INTLTOOL_V_MERGE)LC_ALL=C $(INTLTOOL_MERGE) $(INTLTOOL_V_MERGE_OPTIONS) -x -u -c $(top_builddir)/po/.intltool-merge-cache $(top_srcdir)/po $< $@'
INTLTOOL_PONG_RULE='%.pong:      %.pong.in      $(INTLTOOL_MERGE) $(wildcard $(top_srcdir)/po/*.po) ; $(INTLTOOL_V_MERGE)LC_ALL=C $(INTLTOOL_MERGE) $(INTLTOOL_V_MERGE_OPTIONS) -x -u -c $(top_builddir)/po/.intltool-merge-cache $(top_srcdir)/po $< $@'
INTLTOOL_PROP_RULE='%.prop:      %.prop.in      $(INTLTOOL_MERGE) $(wildcard $(top_srcdir)/po/*.po) ; $(INTLTOOL_V_MERGE)LC_ALL=C $(INTLTOOL_MERGE) $(INTLTOOL_V_MERGE_OPTIONS) -d -u -c $(top_builddir)/po/.intltool-merge-cache $(top_srcdir)/po $< $@'
INTLTOOL_SCHEMAS_RULE='%.schemas:   %.schemas.in   $(INTLTOOL_MERGE) $(wildcard $(top_srcdir)/po/*.po) ; $(INTLTOOL_V_MERGE)LC_ALL=C $(INTLTOOL_MERGE) $(INTLTOOL_V_MERGE_OPTIONS) -s -u -c $(top_builddir)/po/.intltool-merge-cache $(top_srcdir)/po $< $@'
INTLTOOL_SERVER_RULE='%.server:    %.server.in    $(INTLTOOL_MERGE) $(wildcard $(top_srcdir)/po/*.po) ; $(INTLTOOL_V_MERGE)LC_ALL=C $(INTLTOOL_MERGE) $(INTLTOOL_V_MERGE_OPTIONS) -o -u -c $(top_builddir)/po/.intltool-merge-cache $(top_srcdir)/po $< $@'
INTLTOOL_SERVICE_RULE='%.service: %.service.in   $(INTLTOOL_MERGE) $(wildcard $(top_srcdir)/po/*.po) ; $(INTLTOOL_V_MERGE)LC_ALL=C $(INTLTOOL_MERGE) $(INTLTOOL_V_MERGE_OPTIONS) -d -u -c $(top_builddir)/po/.intltool-merge-cache $(top_srcdir)/po $< $@'
INTLTOOL_SHEET_RULE='%.sheet:     %.sheet.in     $(INTLTOOL_MERGE) $(wildcard $(top_srcdir)/po/*.po) ; $(INTLTOOL_V_MERGE)LC_ALL=C $(INTLTOOL_MERGE) $(INTLTOOL_V_MERGE_OPTIONS) -x -u -c $(top_builddir)/po/.intltool-merge-cache $(top_srcdir)/po $< $@'
INTLTOOL_SOUNDLIST_RULE='%.soundlist: %.soundlist.in $(INTLTOOL_MERGE) $(wildcard $(top_srcdir)/po/*.po) ; $(INTLTOOL_V_MERGE)LC_ALL=C $(INTLTOOL_MERGE) $(INTLTOOL_V_MERGE_OPTIONS) -d -u -c $(top_builddir)/po/.intltool-merge-cache $(top_srcdir)/po $< $@'
INTLTOOL_THEME_RULE='%.theme:     %.theme.in     $(INTLTOOL_MERGE) $(wildcard $(top_srcdir)/po/*.po) ; $(INTLTOOL_V_MERGE)LC_ALL=C $(INTLTOOL_MERGE) $(INTLTOOL_V_MERGE_OPTIONS) -d -u -c $(top_builddir)/po/.intltool-merge-cache $(top_srcdir)/po $< $@'
INTLTOOL_UI_RULE='%.ui:        %.ui.in        $(INTLTOOL_MERGE) $(wildcard $(top_srcdir)/po/*.po) ; $(INTLTOOL_V_MERGE)LC_ALL=C $(INTLTOOL_MERGE) $(INTLTOOL_V_MERGE_OPTIONS) -x -u -c $(top_builddir)/po/.intltool-merge-cache $(top_srcdir)/po $< $@'
INTLTOOL_UPDATE='/usr/bin/intltool-update'
INTLTOOL_V_MERGE='$(INTLTOOL__v_MERGE_$(V))'
INTLTOOL_V_MERGE_OPTIONS='$(intltool__v_merge_options_$(V))'
INTLTOOL_XAM_RULE='%.xam:       %.xml.in       $(INTLTOOL_MERGE) $(wildcard $(top_srcdir)/po/*.po) ; $(INTLTOOL_V_MERGE)LC_ALL=C $(INTLTOOL_MERGE) $(INTLTOOL_V_MERGE_OPTIONS) -x -u -c $(top_builddir)/po/.intltool-merge-cache $(top_srcdir)/po $< $@'
INTLTOOL_XML_NOMERGE_RULE='%.xml:       %.xml.in       $(INTLTOOL_MERGE) ; $(INTLTOOL_V_MERGE)LC_ALL=C $(INTLTOOL_MERGE) $(INTLTOOL_V_MERGE_OPTIONS) -x -u --no-translations $< $@'
INTLTOOL_XML_RULE='%.xml:       %.xml.in       $(INTLTOOL_MERGE) $(wildcard $(top_srcdir)/po/*.po) ; $(INTLTOOL_V_MERGE)LC_ALL=C $(INTLTOOL_MERGE) $(INTLTOOL_V_MERGE_OPTIONS) -x -u -c $(top_builddir)/po/.intltool-merge-cache $(top_srcdir)/po $< $@'
INTLTOOL__v_MERGE_0='@echo "  ITMRG " $@;'
INTLTOOL__v_MERGE_='$(INTLTOOL__v_MERGE_$(AM_DEFAULT_VERBOSITY))'
INTL_MACOSX_LIBS=''
LD='/usr/bin/ld -m elf_x86_64'
LDFLAGS=''
LIBOBJS=''
LIBS=''
LIBTOOL='$(SHELL) $(top_builddir)/libtool'
LIPO=''
LN_S='ln -s'
LTLIBOBJS=''
LT_SYS_LIBRARY_PATH=''
MAKEINFO='${SHELL} /home/harris/Documents/ece2620/Lab6/missing makeinfo'
MANIFEST_TOOL=':'
MKDIR_P='/usr/bin/mkdir -p'
MKINSTALLDIRS='./mkinstalldirs'
MSGFMT='/usr/bin/msgfmt'
MSGFMT_OPTS='-c'
MSGMERGE='/usr/bin/msgmerge'
NM='/usr/bin/nm -B'
NMEDIT=''
OBJDUMP='objdump'
OBJEXT='o'
OTOOL64=''
OTOOL=''
PACKAGE='lab6'
PACKAGE_BUGREPORT=''
PACKAGE_NAME='lab6'
PACKAGE_STRING='lab6 0.1'
PACKAGE_TARNAME='lab6'
PACKAGE_URL=''
PACKAGE_VERSION='0.1'
PATH_SEPARATOR=':'
POFILES=''
POSUB='po'
PO_IN_DATADIR_FALSE=''
PO_IN_DATADIR_TRUE=''
RANLIB='ranlib'
SED='/usr/bin/sed'
SET_MAKE=''
SHELL='/bin/bash'
STRIP='strip'
USE_NLS='yes'
VERSION='0.1'
XGETTEXT='/usr/bin/xgettext'
ac_ct_AR='ar'
ac_ct_CC='gcc'
ac_ct_CXX='g++'
ac_ct_DUMPBIN=''
am__EXEEXT_FALSE=''
am__EXEEXT_TRUE='#'
am__fastdepCC_FALSE='#'
am__fastdepCC_TRUE=''
am__fastdepCXX_FALSE='#'
am__fastdepCXX_TRUE=''
am__include='include'
am__isrc=''
am__leading_dot='.'
am__nodep='_no'
am__quote=''
am__tar='$${TAR-tar} chof - "$$tardir"'
am__untar='$${TAR-tar} xf -'
bindir='${exec_prefix}/bin'
build='x86_64-pc-linux-gnu'
build_alias=''
build_cpu='x86_64'
build_os='linux-gnu'
build_vendor='pc'
datadir='${datarootdir}'
datarootdir='${prefix}/share'
docdir='${datarootdir}/doc/${PACKAGE_TARNAME}'
dvidir='${docdir}'
exec_prefix='${prefix}'
host='x86_64-pc-linux-gnu'
host_alias=''
host_cpu='x86_64'
host_os='linux-gnu'
host_vendor='pc'
htmldir='${docdir}'
includedir='${prefix}/include'
infodir='${datarootdir}/info'
install_sh='${SHELL} /home/harris/Documents/ece2620/Lab6/install-sh'
intltool__v_merge_options_0='-q'
intltool__v_merge_options_='$(intltool__v_merge_options_$(AM_DEFAULT_VERBOSITY))'
libdir='${exec_prefix}/lib'
libexecdir='${exec_prefix}/libexec'
localedir='${datarootdir}/locale'
localstatedir='${prefix}/var'
mandir='${datarootdir}/man'
mkdir_p='$(MKDIR_P)'
oldincludedir='/usr/include'
pdfdir='${docdir}'
prefix='/usr/local'
program_transform_name='s,x,x,'
psdir='${docdir}'
runstatedir='${localstatedir}/run'
sbindir='${exec_prefix}/sbin'
sharedstatedir='${prefix}/com'
sysconfdir='${prefix}/etc'
target_alias=''

## ----------- ##
## confdefs.h. ##
## ----------- ##

/* confdefs.h */
#define PACKAGE_NAME "lab6"
#define PACKAGE_TARNAME "lab6"
#define PACKAGE_VERSION "0.1"
#define PACKAGE_STRING "lab6 0.1"
#define PACKAGE_BUGREPORT ""
#define PACKAGE_URL ""
#define PACKAGE "lab6"
#define VERSION "0.1"
#define GETTEXT_PACKAGE "lab6"
#define STDC_HEADERS 1
#define HAVE_SYS_TYPES_H 1
#define HAVE_SYS_STAT_H 1
#define HAVE_STDLIB_H 1
#define HAVE_STRING_H 1
#define HAVE_MEMORY_H 1
#define HAVE_STRINGS_H 1
#define HAVE_INTTYPES_H 1
#define HAVE_STDINT_H 1
#define HAVE_UNISTD_H 1
#define HAVE_LOCALE_H 1
#define HAVE_LC_MESSAGES 1
#define HAVE_BIND_TEXTDOMAIN_CODESET 1
#define HAVE_GETTEXT 1
#define HAVE_DCGETTEXT 1
#define ENABLE_NLS 1
#define HAVE_DLFCN_H 1
#define LT_OBJDIR ".libs/"

configure: exit 0
